  Determining projects to restore...
  All projects are up-to-date for restore.
/home/ubuntu/NeoSwift/NeoCSharp/src/NeoCSharp/Contract/NeoToken.cs(7,26): error CS0234: The type or namespace name 'Responses' does not exist in the namespace 'NeoCSharp.Protocol' (are you missing an assembly reference?) [/home/ubuntu/NeoSwift/NeoCSharp/src/NeoCSharp/NeoCSharp.csproj]
/home/ubuntu/NeoSwift/NeoCSharp/src/NeoCSharp/Serialization/BinaryReader.cs(183,16): error CS0246: The type or namespace name 'ECPoint' could not be found (are you missing a using directive or an assembly reference?) [/home/ubuntu/NeoSwift/NeoCSharp/src/NeoCSharp/NeoCSharp.csproj]
/home/ubuntu/NeoSwift/NeoCSharp/src/NeoCSharp/Contract/FungibleToken.cs(51,59): error CS0246: The type or namespace name 'Hash160' could not be found (are you missing a using directive or an assembly reference?) [/home/ubuntu/NeoSwift/NeoCSharp/src/NeoCSharp/NeoCSharp.csproj]
/home/ubuntu/NeoSwift/NeoCSharp/src/NeoCSharp/Contract/FungibleToken.cs(67,66): error CS0234: The type or namespace name 'Wallet' does not exist in the namespace 'NeoCSharp.Wallet' (are you missing an assembly reference?) [/home/ubuntu/NeoSwift/NeoCSharp/src/NeoCSharp/NeoCSharp.csproj]
/home/ubuntu/NeoSwift/NeoCSharp/src/NeoCSharp/Contract/SmartContract.cs(144,35): error CS0246: The type or namespace name 'Hash160' could not be found (are you missing a using directive or an assembly reference?) [/home/ubuntu/NeoSwift/NeoCSharp/src/NeoCSharp/NeoCSharp.csproj]
/home/ubuntu/NeoSwift/NeoCSharp/src/NeoCSharp/Contract/FungibleToken.cs(90,66): error CS0246: The type or namespace name 'Hash160' could not be found (are you missing a using directive or an assembly reference?) [/home/ubuntu/NeoSwift/NeoCSharp/src/NeoCSharp/NeoCSharp.csproj]
/home/ubuntu/NeoSwift/NeoCSharp/src/NeoCSharp/Contract/FungibleToken.cs(109,52): error CS0246: The type or namespace name 'Hash160' could not be found (are you missing a using directive or an assembly reference?) [/home/ubuntu/NeoSwift/NeoCSharp/src/NeoCSharp/NeoCSharp.csproj]
/home/ubuntu/NeoSwift/NeoCSharp/src/NeoCSharp/Contract/FungibleToken.cs(109,66): error CS0246: The type or namespace name 'Hash160' could not be found (are you missing a using directive or an assembly reference?) [/home/ubuntu/NeoSwift/NeoCSharp/src/NeoCSharp/NeoCSharp.csproj]
/home/ubuntu/NeoSwift/NeoCSharp/src/NeoCSharp/Contract/SmartContract.cs(159,43): error CS0246: The type or namespace name 'StackItem' could not be found (are you missing a using directive or an assembly reference?) [/home/ubuntu/NeoSwift/NeoCSharp/src/NeoCSharp/NeoCSharp.csproj]
/home/ubuntu/NeoSwift/NeoCSharp/src/NeoCSharp/Contract/SmartContract.cs(159,17): error CS0246: The type or namespace name 'Hash160' could not be found (are you missing a using directive or an assembly reference?) [/home/ubuntu/NeoSwift/NeoCSharp/src/NeoCSharp/NeoCSharp.csproj]
/home/ubuntu/NeoSwift/NeoCSharp/src/NeoCSharp/Contract/FungibleToken.cs(130,51): error CS0246: The type or namespace name 'Hash160' could not be found (are you missing a using directive or an assembly reference?) [/home/ubuntu/NeoSwift/NeoCSharp/src/NeoCSharp/NeoCSharp.csproj]
/home/ubuntu/NeoSwift/NeoCSharp/src/NeoCSharp/Contract/FungibleToken.cs(130,65): error CS0246: The type or namespace name 'Hash160' could not be found (are you missing a using directive or an assembly reference?) [/home/ubuntu/NeoSwift/NeoCSharp/src/NeoCSharp/NeoCSharp.csproj]
/home/ubuntu/NeoSwift/NeoCSharp/src/NeoCSharp/Contract/FungibleToken.cs(158,83): error CS0246: The type or namespace name 'NnsName' could not be found (are you missing a using directive or an assembly reference?) [/home/ubuntu/NeoSwift/NeoCSharp/src/NeoCSharp/NeoCSharp.csproj]
/home/ubuntu/NeoSwift/NeoCSharp/src/NeoCSharp/Contract/FungibleToken.cs(177,69): error CS0246: The type or namespace name 'Hash160' could not be found (are you missing a using directive or an assembly reference?) [/home/ubuntu/NeoSwift/NeoCSharp/src/NeoCSharp/NeoCSharp.csproj]
/home/ubuntu/NeoSwift/NeoCSharp/src/NeoCSharp/Contract/FungibleToken.cs(177,83): error CS0246: The type or namespace name 'NnsName' could not be found (are you missing a using directive or an assembly reference?) [/home/ubuntu/NeoSwift/NeoCSharp/src/NeoCSharp/NeoCSharp.csproj]
/home/ubuntu/NeoSwift/NeoCSharp/src/NeoCSharp/Contract/SmartContract.cs(189,18): error CS0246: The type or namespace name 'StackItem' could not be found (are you missing a using directive or an assembly reference?) [/home/ubuntu/NeoSwift/NeoCSharp/src/NeoCSharp/NeoCSharp.csproj]
/home/ubuntu/NeoSwift/NeoCSharp/src/NeoCSharp/Contract/SmartContract.cs(186,35): error CS0246: The type or namespace name 'Iterator<>' could not be found (are you missing a using directive or an assembly reference?) [/home/ubuntu/NeoSwift/NeoCSharp/src/NeoCSharp/NeoCSharp.csproj]
/home/ubuntu/NeoSwift/NeoCSharp/src/NeoCSharp/Contract/NeoToken.cs(134,54): error CS0246: The type or namespace name 'Hash160' could not be found (are you missing a using directive or an assembly reference?) [/home/ubuntu/NeoSwift/NeoCSharp/src/NeoCSharp/NeoCSharp.csproj]
/home/ubuntu/NeoSwift/NeoCSharp/src/NeoCSharp/Contract/FungibleToken.cs(25,30): error CS0246: The type or namespace name 'Hash160' could not be found (are you missing a using directive or an assembly reference?) [/home/ubuntu/NeoSwift/NeoCSharp/src/NeoCSharp/NeoCSharp.csproj]
/home/ubuntu/NeoSwift/NeoCSharp/src/NeoCSharp/Contract/SmartContract.cs(223,18): error CS0246: The type or namespace name 'StackItem' could not be found (are you missing a using directive or an assembly reference?) [/home/ubuntu/NeoSwift/NeoCSharp/src/NeoCSharp/NeoCSharp.csproj]
/home/ubuntu/NeoSwift/NeoCSharp/src/NeoCSharp/Contract/NeoToken.cs(234,27): error CS0246: The type or namespace name 'Iterator<>' could not be found (are you missing a using directive or an assembly reference?) [/home/ubuntu/NeoSwift/NeoCSharp/src/NeoCSharp/NeoCSharp.csproj]
/home/ubuntu/NeoSwift/NeoCSharp/src/NeoCSharp/Contract/NeoToken.cs(247,50): error CS0246: The type or namespace name 'StackItem' could not be found (are you missing a using directive or an assembly reference?) [/home/ubuntu/NeoSwift/NeoCSharp/src/NeoCSharp/NeoCSharp.csproj]
/home/ubuntu/NeoSwift/NeoCSharp/src/NeoCSharp/Contract/NeoToken.cs(313,53): error CS0246: The type or namespace name 'StackItem' could not be found (are you missing a using directive or an assembly reference?) [/home/ubuntu/NeoSwift/NeoCSharp/src/NeoCSharp/NeoCSharp.csproj]
/home/ubuntu/NeoSwift/NeoCSharp/src/NeoCSharp/Contract/SmartContract.cs(245,20): error CS0246: The type or namespace name 'Signer' could not be found (are you missing a using directive or an assembly reference?) [/home/ubuntu/NeoSwift/NeoCSharp/src/NeoCSharp/NeoCSharp.csproj]
/home/ubuntu/NeoSwift/NeoCSharp/src/NeoCSharp/Contract/SmartContract.cs(241,40): error CS0246: The type or namespace name 'StackItem' could not be found (are you missing a using directive or an assembly reference?) [/home/ubuntu/NeoSwift/NeoCSharp/src/NeoCSharp/NeoCSharp.csproj]
/home/ubuntu/NeoSwift/NeoCSharp/src/NeoCSharp/Contract/NeoToken.cs(356,57): error CS0246: The type or namespace name 'Hash160' could not be found (are you missing a using directive or an assembly reference?) [/home/ubuntu/NeoSwift/NeoCSharp/src/NeoCSharp/NeoCSharp.csproj]
/home/ubuntu/NeoSwift/NeoCSharp/src/NeoCSharp/Contract/SmartContract.cs(266,20): error CS0246: The type or namespace name 'Signer' could not be found (are you missing a using directive or an assembly reference?) [/home/ubuntu/NeoSwift/NeoCSharp/src/NeoCSharp/NeoCSharp.csproj]
/home/ubuntu/NeoSwift/NeoCSharp/src/NeoCSharp/Contract/SmartContract.cs(263,35): error CS0246: The type or namespace name 'InvokeFunctionResponse' could not be found (are you missing a using directive or an assembly reference?) [/home/ubuntu/NeoSwift/NeoCSharp/src/NeoCSharp/NeoCSharp.csproj]
/home/ubuntu/NeoSwift/NeoCSharp/src/NeoCSharp/Contract/NeoToken.cs(393,63): error CS0246: The type or namespace name 'Hash160' could not be found (are you missing a using directive or an assembly reference?) [/home/ubuntu/NeoSwift/NeoCSharp/src/NeoCSharp/NeoCSharp.csproj]
/home/ubuntu/NeoSwift/NeoCSharp/src/NeoCSharp/Contract/SmartContract.cs(279,50): error CS0246: The type or namespace name 'InvocationResult' could not be found (are you missing a using directive or an assembly reference?) [/home/ubuntu/NeoSwift/NeoCSharp/src/NeoCSharp/NeoCSharp.csproj]
/home/ubuntu/NeoSwift/NeoCSharp/src/NeoCSharp/Contract/NeoToken.cs(404,39): error CS0246: The type or namespace name 'Hash160' could not be found (are you missing a using directive or an assembly reference?) [/home/ubuntu/NeoSwift/NeoCSharp/src/NeoCSharp/NeoCSharp.csproj]
/home/ubuntu/NeoSwift/NeoCSharp/src/NeoCSharp/Contract/SmartContract.cs(291,35): error CS0246: The type or namespace name 'ContractManifest' could not be found (are you missing a using directive or an assembly reference?) [/home/ubuntu/NeoSwift/NeoCSharp/src/NeoCSharp/NeoCSharp.csproj]
/home/ubuntu/NeoSwift/NeoCSharp/src/NeoCSharp/Contract/SmartContract.cs(312,23): error CS0246: The type or namespace name 'Hash160' could not be found (are you missing a using directive or an assembly reference?) [/home/ubuntu/NeoSwift/NeoCSharp/src/NeoCSharp/NeoCSharp.csproj]
/home/ubuntu/NeoSwift/NeoCSharp/src/NeoCSharp/Contract/SmartContract.cs(324,53): error CS0246: The type or namespace name 'Hash160' could not be found (are you missing a using directive or an assembly reference?) [/home/ubuntu/NeoSwift/NeoCSharp/src/NeoCSharp/NeoCSharp.csproj]
/home/ubuntu/NeoSwift/NeoCSharp/src/NeoCSharp/Contract/SmartContract.cs(324,23): error CS0246: The type or namespace name 'Hash160' could not be found (are you missing a using directive or an assembly reference?) [/home/ubuntu/NeoSwift/NeoCSharp/src/NeoCSharp/NeoCSharp.csproj]
/home/ubuntu/NeoSwift/NeoCSharp/src/NeoCSharp/Contract/NeoToken.cs(472,65): error CS0246: The type or namespace name 'Hash160' could not be found (are you missing a using directive or an assembly reference?) [/home/ubuntu/NeoSwift/NeoCSharp/src/NeoCSharp/NeoCSharp.csproj]
/home/ubuntu/NeoSwift/NeoCSharp/src/NeoCSharp/Contract/NeoToken.cs(472,27): error CS0246: The type or namespace name 'NeoAccountState' could not be found (are you missing a using directive or an assembly reference?) [/home/ubuntu/NeoSwift/NeoCSharp/src/NeoCSharp/NeoCSharp.csproj]
/home/ubuntu/NeoSwift/NeoCSharp/src/NeoCSharp/Contract/NeoToken.cs(27,40): warning CS0108: 'NeoToken.ScriptHash' hides inherited member 'SmartContract.ScriptHash'. Use the new keyword if hiding was intended. [/home/ubuntu/NeoSwift/NeoCSharp/src/NeoCSharp/NeoCSharp.csproj]
/home/ubuntu/NeoSwift/NeoCSharp/src/NeoCSharp/Contract/SmartContract.cs(26,28): error CS0246: The type or namespace name 'Hash160' could not be found (are you missing a using directive or an assembly reference?) [/home/ubuntu/NeoSwift/NeoCSharp/src/NeoCSharp/NeoCSharp.csproj]
/home/ubuntu/NeoSwift/NeoCSharp/src/NeoCSharp/Contract/NeoToken.cs(27,32): error CS0246: The type or namespace name 'Hash160' could not be found (are you missing a using directive or an assembly reference?) [/home/ubuntu/NeoSwift/NeoCSharp/src/NeoCSharp/NeoCSharp.csproj]
/home/ubuntu/NeoSwift/NeoCSharp/src/NeoCSharp/Contract/SmartContract.cs(38,30): error CS0246: The type or namespace name 'Hash160' could not be found (are you missing a using directive or an assembly reference?) [/home/ubuntu/NeoSwift/NeoCSharp/src/NeoCSharp/NeoCSharp.csproj]
/home/ubuntu/NeoSwift/NeoCSharp/src/NeoCSharp/Contract/NeoToken.cs(64,25): error CS0246: The type or namespace name 'INeoSharp' could not be found (are you missing a using directive or an assembly reference?) [/home/ubuntu/NeoSwift/NeoCSharp/src/NeoCSharp/NeoCSharp.csproj]
/home/ubuntu/NeoSwift/NeoCSharp/src/NeoCSharp/Contract/Token.cs(141,73): error CS0246: The type or namespace name 'NnsName' could not be found (are you missing a using directive or an assembly reference?) [/home/ubuntu/NeoSwift/NeoCSharp/src/NeoCSharp/NeoCSharp.csproj]
/home/ubuntu/NeoSwift/NeoCSharp/src/NeoCSharp/Contract/Token.cs(141,38): error CS0246: The type or namespace name 'Hash160' could not be found (are you missing a using directive or an assembly reference?) [/home/ubuntu/NeoSwift/NeoCSharp/src/NeoCSharp/NeoCSharp.csproj]
/home/ubuntu/NeoSwift/NeoCSharp/src/NeoCSharp/Contract/Token.cs(27,22): error CS0246: The type or namespace name 'Hash160' could not be found (are you missing a using directive or an assembly reference?) [/home/ubuntu/NeoSwift/NeoCSharp/src/NeoCSharp/NeoCSharp.csproj]
/home/ubuntu/NeoSwift/NeoCSharp/src/NeoCSharp/Types/ContractParameter.cs(179,49): error CS0246: The type or namespace name 'Hash160' could not be found (are you missing a using directive or an assembly reference?) [/home/ubuntu/NeoSwift/NeoCSharp/src/NeoCSharp/NeoCSharp.csproj]
/home/ubuntu/NeoSwift/NeoCSharp/src/NeoCSharp/Types/ContractParameter.cs(187,49): error CS0246: The type or namespace name 'Hash256' could not be found (are you missing a using directive or an assembly reference?) [/home/ubuntu/NeoSwift/NeoCSharp/src/NeoCSharp/NeoCSharp.csproj]
/home/ubuntu/NeoSwift/NeoCSharp/src/NeoCSharp/Utils/ExtensionMethods.cs(19,23): error CS0246: The type or namespace name 'Hash160' could not be found (are you missing a using directive or an assembly reference?) [/home/ubuntu/NeoSwift/NeoCSharp/src/NeoCSharp/NeoCSharp.csproj]
/home/ubuntu/NeoSwift/NeoCSharp/src/NeoCSharp/Protocol/Models/NeoAccountState.cs(14,16): error CS0246: The type or namespace name 'Hash160' could not be found (are you missing a using directive or an assembly reference?) [/home/ubuntu/NeoSwift/NeoCSharp/src/NeoCSharp/NeoCSharp.csproj]
/home/ubuntu/NeoSwift/NeoCSharp/src/NeoCSharp/Wallet/Account.cs(19,16): error CS0246: The type or namespace name 'Hash160' could not be found (are you missing a using directive or an assembly reference?) [/home/ubuntu/NeoSwift/NeoCSharp/src/NeoCSharp/NeoCSharp.csproj]
/home/ubuntu/NeoSwift/NeoCSharp/src/NeoCSharp/Crypto/CryptoSecurityException.cs(127,30): warning CS0672: Member 'CryptoSecurityException.GetObjectData(SerializationInfo, StreamingContext)' overrides obsolete member 'Exception.GetObjectData(SerializationInfo, StreamingContext)'. Add the Obsolete attribute to 'CryptoSecurityException.GetObjectData(SerializationInfo, StreamingContext)'. [/home/ubuntu/NeoSwift/NeoCSharp/src/NeoCSharp/NeoCSharp.csproj]
/home/ubuntu/NeoSwift/NeoCSharp/src/NeoCSharp/Serialization/BinaryReader.cs(216,50): error CS0246: The type or namespace name 'INeoSerializable' could not be found (are you missing a using directive or an assembly reference?) [/home/ubuntu/NeoSwift/NeoCSharp/src/NeoCSharp/NeoCSharp.csproj]
/home/ubuntu/NeoSwift/NeoCSharp/src/NeoCSharp/Crypto/ECKeyPair.cs(37,16): error CS0246: The type or namespace name 'Hash160' could not be found (are you missing a using directive or an assembly reference?) [/home/ubuntu/NeoSwift/NeoCSharp/src/NeoCSharp/NeoCSharp.csproj]
/home/ubuntu/NeoSwift/NeoCSharp/src/NeoCSharp/Script/OpCode.cs(766,16): error CS0111: Type 'OperandSize' already defines a member called 'OperandSize' with the same parameter types [/home/ubuntu/NeoSwift/NeoCSharp/src/NeoCSharp/NeoCSharp.csproj]
/home/ubuntu/NeoSwift/NeoCSharp/src/NeoCSharp/Wallet/Account.cs(51,24): error CS0246: The type or namespace name 'Hash160' could not be found (are you missing a using directive or an assembly reference?) [/home/ubuntu/NeoSwift/NeoCSharp/src/NeoCSharp/NeoCSharp.csproj]
/home/ubuntu/NeoSwift/NeoCSharp/src/NeoCSharp/Serialization/BinaryReader.cs(228,68): error CS0246: The type or namespace name 'INeoSerializable' could not be found (are you missing a using directive or an assembly reference?) [/home/ubuntu/NeoSwift/NeoCSharp/src/NeoCSharp/NeoCSharp.csproj]
/home/ubuntu/NeoSwift/NeoCSharp/src/NeoCSharp/Crypto/ECPoint.cs(19,45): error CS0246: The type or namespace name 'ECPoint' could not be found (are you missing a using directive or an assembly reference?) [/home/ubuntu/NeoSwift/NeoCSharp/src/NeoCSharp/NeoCSharp.csproj]
/home/ubuntu/NeoSwift/NeoCSharp/src/NeoCSharp/Crypto/ECPoint.cs(19,23): error CS0246: The type or namespace name 'ECPoint' could not be found (are you missing a using directive or an assembly reference?) [/home/ubuntu/NeoSwift/NeoCSharp/src/NeoCSharp/NeoCSharp.csproj]
/home/ubuntu/NeoSwift/NeoCSharp/src/NeoCSharp/Crypto/ECPoint.cs(31,46): error CS0246: The type or namespace name 'ECPoint' could not be found (are you missing a using directive or an assembly reference?) [/home/ubuntu/NeoSwift/NeoCSharp/src/NeoCSharp/NeoCSharp.csproj]
/home/ubuntu/NeoSwift/NeoCSharp/src/NeoCSharp/Serialization/BinaryReader.cs(250,60): error CS0246: The type or namespace name 'INeoSerializable' could not be found (are you missing a using directive or an assembly reference?) [/home/ubuntu/NeoSwift/NeoCSharp/src/NeoCSharp/NeoCSharp.csproj]
/home/ubuntu/NeoSwift/NeoCSharp/src/NeoCSharp/Crypto/CryptoSecurityException.cs(143,108): warning CS8625: Cannot convert null literal to non-nullable reference type. [/home/ubuntu/NeoSwift/NeoCSharp/src/NeoCSharp/NeoCSharp.csproj]
/home/ubuntu/NeoSwift/NeoCSharp/src/NeoCSharp/Crypto/CryptoSecurityException.cs(154,109): warning CS8625: Cannot convert null literal to non-nullable reference type. [/home/ubuntu/NeoSwift/NeoCSharp/src/NeoCSharp/NeoCSharp.csproj]
/home/ubuntu/NeoSwift/NeoCSharp/src/NeoCSharp/Crypto/ECPublicKey.cs(37,47): error CS0246: The type or namespace name 'ECPoint' could not be found (are you missing a using directive or an assembly reference?) [/home/ubuntu/NeoSwift/NeoCSharp/src/NeoCSharp/NeoCSharp.csproj]
/home/ubuntu/NeoSwift/NeoCSharp/src/NeoCSharp/Crypto/ECPrivateKey.cs(70,16): error CS0246: The type or namespace name 'Hash160' could not be found (are you missing a using directive or an assembly reference?) [/home/ubuntu/NeoSwift/NeoCSharp/src/NeoCSharp/NeoCSharp.csproj]
/home/ubuntu/NeoSwift/NeoCSharp/src/NeoCSharp/Script/ScriptBuilder.cs(70,43): error CS0246: The type or namespace name 'Hash160' could not be found (are you missing a using directive or an assembly reference?) [/home/ubuntu/NeoSwift/NeoCSharp/src/NeoCSharp/NeoCSharp.csproj]
/home/ubuntu/NeoSwift/NeoCSharp/src/NeoCSharp/Serialization/BinaryWriter.cs(141,34): error CS0246: The type or namespace name 'ECPoint' could not be found (are you missing a using directive or an assembly reference?) [/home/ubuntu/NeoSwift/NeoCSharp/src/NeoCSharp/NeoCSharp.csproj]
/home/ubuntu/NeoSwift/NeoCSharp/src/NeoCSharp/Script/ScriptBuilder.cs(97,38): error CS0246: The type or namespace name 'InteropService' could not be found (are you missing a using directive or an assembly reference?) [/home/ubuntu/NeoSwift/NeoCSharp/src/NeoCSharp/NeoCSharp.csproj]
/home/ubuntu/NeoSwift/NeoCSharp/src/NeoCSharp/Types/INeoSerializable.cs(19,24): error CS0104: 'BinaryWriter' is an ambiguous reference between 'NeoCSharp.Serialization.BinaryWriter' and 'System.IO.BinaryWriter' [/home/ubuntu/NeoSwift/NeoCSharp/src/NeoCSharp/NeoCSharp.csproj]
/home/ubuntu/NeoSwift/NeoCSharp/src/NeoCSharp/Crypto/NEP2Exception.cs(81,30): warning CS0672: Member 'NEP2Exception.GetObjectData(SerializationInfo, StreamingContext)' overrides obsolete member 'Exception.GetObjectData(SerializationInfo, StreamingContext)'. Add the Obsolete attribute to 'NEP2Exception.GetObjectData(SerializationInfo, StreamingContext)'. [/home/ubuntu/NeoSwift/NeoCSharp/src/NeoCSharp/NeoCSharp.csproj]
/home/ubuntu/NeoSwift/NeoCSharp/src/NeoCSharp/Crypto/NEP2Exception.cs(116,96): warning CS8625: Cannot convert null literal to non-nullable reference type. [/home/ubuntu/NeoSwift/NeoCSharp/src/NeoCSharp/NeoCSharp.csproj]
/home/ubuntu/NeoSwift/NeoCSharp/src/NeoCSharp/Crypto/Sign.cs(22,68): warning CS0618: 'ECKeyPair' is obsolete: 'Use ECPrivateKey instead' [/home/ubuntu/NeoSwift/NeoCSharp/src/NeoCSharp/NeoCSharp.csproj]
/home/ubuntu/NeoSwift/NeoCSharp/src/NeoCSharp/Crypto/Sign.cs(33,65): warning CS0618: 'ECKeyPair' is obsolete: 'Use ECPrivateKey instead' [/home/ubuntu/NeoSwift/NeoCSharp/src/NeoCSharp/NeoCSharp.csproj]
/home/ubuntu/NeoSwift/NeoCSharp/src/NeoCSharp/Crypto/SecureECKeyPair.cs(19,16): error CS0246: The type or namespace name 'ECPoint' could not be found (are you missing a using directive or an assembly reference?) [/home/ubuntu/NeoSwift/NeoCSharp/src/NeoCSharp/NeoCSharp.csproj]
/home/ubuntu/NeoSwift/NeoCSharp/src/NeoCSharp/Crypto/Sign.cs(45,65): warning CS0618: 'ECKeyPair' is obsolete: 'Use ECPrivateKey instead' [/home/ubuntu/NeoSwift/NeoCSharp/src/NeoCSharp/NeoCSharp.csproj]
/home/ubuntu/NeoSwift/NeoCSharp/src/NeoCSharp/Script/ScriptBuilder.cs(358,54): error CS0246: The type or namespace name 'Hash160' could not be found (are you missing a using directive or an assembly reference?) [/home/ubuntu/NeoSwift/NeoCSharp/src/NeoCSharp/NeoCSharp.csproj]
/home/ubuntu/NeoSwift/NeoCSharp/src/NeoCSharp/Script/ScriptBuilder.cs(378,13): error CS0246: The type or namespace name 'Hash160' could not be found (are you missing a using directive or an assembly reference?) [/home/ubuntu/NeoSwift/NeoCSharp/src/NeoCSharp/NeoCSharp.csproj]
/home/ubuntu/NeoSwift/NeoCSharp/src/NeoCSharp/Crypto/Sign.cs(228,23): error CS0246: The type or namespace name 'Hash160' could not be found (are you missing a using directive or an assembly reference?) [/home/ubuntu/NeoSwift/NeoCSharp/src/NeoCSharp/NeoCSharp.csproj]
/home/ubuntu/NeoSwift/NeoCSharp/src/NeoCSharp/Script/ScriptBuilder.cs(18,26): error CS0104: 'BinaryWriter' is an ambiguous reference between 'NeoCSharp.Serialization.BinaryWriter' and 'System.IO.BinaryWriter' [/home/ubuntu/NeoSwift/NeoCSharp/src/NeoCSharp/NeoCSharp.csproj]
/home/ubuntu/NeoSwift/NeoCSharp/src/NeoCSharp/Crypto/SecureECKeyPair.cs(277,24): error CS0246: The type or namespace name 'ECPoint' could not be found (are you missing a using directive or an assembly reference?) [/home/ubuntu/NeoSwift/NeoCSharp/src/NeoCSharp/NeoCSharp.csproj]
/home/ubuntu/NeoSwift/NeoCSharp/src/NeoCSharp/Crypto/SecureECKeyPair.cs(32,63): error CS0246: The type or namespace name 'ECPoint' could not be found (are you missing a using directive or an assembly reference?) [/home/ubuntu/NeoSwift/NeoCSharp/src/NeoCSharp/NeoCSharp.csproj]
/home/ubuntu/NeoSwift/NeoCSharp/src/NeoCSharp/Crypto/ECPublicKey.cs(46,16): error CS0246: The type or namespace name 'ECPoint' could not be found (are you missing a using directive or an assembly reference?) [/home/ubuntu/NeoSwift/NeoCSharp/src/NeoCSharp/NeoCSharp.csproj]
/home/ubuntu/NeoSwift/NeoCSharp/src/NeoCSharp/Crypto/ECPublicKey.cs(55,16): error CS0246: The type or namespace name 'Hash160' could not be found (are you missing a using directive or an assembly reference?) [/home/ubuntu/NeoSwift/NeoCSharp/src/NeoCSharp/NeoCSharp.csproj]
/home/ubuntu/NeoSwift/NeoCSharp/src/NeoCSharp/Crypto/WIFException.cs(81,30): warning CS0672: Member 'WIFException.GetObjectData(SerializationInfo, StreamingContext)' overrides obsolete member 'Exception.GetObjectData(SerializationInfo, StreamingContext)'. Add the Obsolete attribute to 'WIFException.GetObjectData(SerializationInfo, StreamingContext)'. [/home/ubuntu/NeoSwift/NeoCSharp/src/NeoCSharp/NeoCSharp.csproj]
/home/ubuntu/NeoSwift/NeoCSharp/src/NeoCSharp/Crypto/SecureBytes.cs(159,66): error CS9244: The type 'ReadOnlySpan<byte>' may not be a ref struct or a type parameter allowing ref structs in order to use it as parameter 'T' in the generic type or method 'Func<T, TResult>' [/home/ubuntu/NeoSwift/NeoCSharp/src/NeoCSharp/NeoCSharp.csproj]
/home/ubuntu/NeoSwift/NeoCSharp/src/NeoCSharp/Crypto/SecureBytes.cs(180,65): error CS9244: The type 'ReadOnlySpan<byte>' may not be a ref struct or a type parameter allowing ref structs in order to use it as parameter 'T' in the generic type or method 'Action<T>' [/home/ubuntu/NeoSwift/NeoCSharp/src/NeoCSharp/NeoCSharp.csproj]
/home/ubuntu/NeoSwift/NeoCSharp/src/NeoCSharp/Crypto/WIFException.cs(116,93): warning CS8625: Cannot convert null literal to non-nullable reference type. [/home/ubuntu/NeoSwift/NeoCSharp/src/NeoCSharp/NeoCSharp.csproj]

Build FAILED.

/home/ubuntu/NeoSwift/NeoCSharp/src/NeoCSharp/Contract/NeoToken.cs(27,40): warning CS0108: 'NeoToken.ScriptHash' hides inherited member 'SmartContract.ScriptHash'. Use the new keyword if hiding was intended. [/home/ubuntu/NeoSwift/NeoCSharp/src/NeoCSharp/NeoCSharp.csproj]
/home/ubuntu/NeoSwift/NeoCSharp/src/NeoCSharp/Crypto/CryptoSecurityException.cs(127,30): warning CS0672: Member 'CryptoSecurityException.GetObjectData(SerializationInfo, StreamingContext)' overrides obsolete member 'Exception.GetObjectData(SerializationInfo, StreamingContext)'. Add the Obsolete attribute to 'CryptoSecurityException.GetObjectData(SerializationInfo, StreamingContext)'. [/home/ubuntu/NeoSwift/NeoCSharp/src/NeoCSharp/NeoCSharp.csproj]
/home/ubuntu/NeoSwift/NeoCSharp/src/NeoCSharp/Crypto/CryptoSecurityException.cs(143,108): warning CS8625: Cannot convert null literal to non-nullable reference type. [/home/ubuntu/NeoSwift/NeoCSharp/src/NeoCSharp/NeoCSharp.csproj]
/home/ubuntu/NeoSwift/NeoCSharp/src/NeoCSharp/Crypto/CryptoSecurityException.cs(154,109): warning CS8625: Cannot convert null literal to non-nullable reference type. [/home/ubuntu/NeoSwift/NeoCSharp/src/NeoCSharp/NeoCSharp.csproj]
/home/ubuntu/NeoSwift/NeoCSharp/src/NeoCSharp/Crypto/NEP2Exception.cs(81,30): warning CS0672: Member 'NEP2Exception.GetObjectData(SerializationInfo, StreamingContext)' overrides obsolete member 'Exception.GetObjectData(SerializationInfo, StreamingContext)'. Add the Obsolete attribute to 'NEP2Exception.GetObjectData(SerializationInfo, StreamingContext)'. [/home/ubuntu/NeoSwift/NeoCSharp/src/NeoCSharp/NeoCSharp.csproj]
/home/ubuntu/NeoSwift/NeoCSharp/src/NeoCSharp/Crypto/NEP2Exception.cs(116,96): warning CS8625: Cannot convert null literal to non-nullable reference type. [/home/ubuntu/NeoSwift/NeoCSharp/src/NeoCSharp/NeoCSharp.csproj]
/home/ubuntu/NeoSwift/NeoCSharp/src/NeoCSharp/Crypto/Sign.cs(22,68): warning CS0618: 'ECKeyPair' is obsolete: 'Use ECPrivateKey instead' [/home/ubuntu/NeoSwift/NeoCSharp/src/NeoCSharp/NeoCSharp.csproj]
/home/ubuntu/NeoSwift/NeoCSharp/src/NeoCSharp/Crypto/Sign.cs(33,65): warning CS0618: 'ECKeyPair' is obsolete: 'Use ECPrivateKey instead' [/home/ubuntu/NeoSwift/NeoCSharp/src/NeoCSharp/NeoCSharp.csproj]
/home/ubuntu/NeoSwift/NeoCSharp/src/NeoCSharp/Crypto/Sign.cs(45,65): warning CS0618: 'ECKeyPair' is obsolete: 'Use ECPrivateKey instead' [/home/ubuntu/NeoSwift/NeoCSharp/src/NeoCSharp/NeoCSharp.csproj]
/home/ubuntu/NeoSwift/NeoCSharp/src/NeoCSharp/Crypto/WIFException.cs(81,30): warning CS0672: Member 'WIFException.GetObjectData(SerializationInfo, StreamingContext)' overrides obsolete member 'Exception.GetObjectData(SerializationInfo, StreamingContext)'. Add the Obsolete attribute to 'WIFException.GetObjectData(SerializationInfo, StreamingContext)'. [/home/ubuntu/NeoSwift/NeoCSharp/src/NeoCSharp/NeoCSharp.csproj]
/home/ubuntu/NeoSwift/NeoCSharp/src/NeoCSharp/Crypto/WIFException.cs(116,93): warning CS8625: Cannot convert null literal to non-nullable reference type. [/home/ubuntu/NeoSwift/NeoCSharp/src/NeoCSharp/NeoCSharp.csproj]
/home/ubuntu/NeoSwift/NeoCSharp/src/NeoCSharp/Contract/NeoToken.cs(7,26): error CS0234: The type or namespace name 'Responses' does not exist in the namespace 'NeoCSharp.Protocol' (are you missing an assembly reference?) [/home/ubuntu/NeoSwift/NeoCSharp/src/NeoCSharp/NeoCSharp.csproj]
/home/ubuntu/NeoSwift/NeoCSharp/src/NeoCSharp/Serialization/BinaryReader.cs(183,16): error CS0246: The type or namespace name 'ECPoint' could not be found (are you missing a using directive or an assembly reference?) [/home/ubuntu/NeoSwift/NeoCSharp/src/NeoCSharp/NeoCSharp.csproj]
/home/ubuntu/NeoSwift/NeoCSharp/src/NeoCSharp/Contract/FungibleToken.cs(51,59): error CS0246: The type or namespace name 'Hash160' could not be found (are you missing a using directive or an assembly reference?) [/home/ubuntu/NeoSwift/NeoCSharp/src/NeoCSharp/NeoCSharp.csproj]
/home/ubuntu/NeoSwift/NeoCSharp/src/NeoCSharp/Contract/FungibleToken.cs(67,66): error CS0234: The type or namespace name 'Wallet' does not exist in the namespace 'NeoCSharp.Wallet' (are you missing an assembly reference?) [/home/ubuntu/NeoSwift/NeoCSharp/src/NeoCSharp/NeoCSharp.csproj]
/home/ubuntu/NeoSwift/NeoCSharp/src/NeoCSharp/Contract/SmartContract.cs(144,35): error CS0246: The type or namespace name 'Hash160' could not be found (are you missing a using directive or an assembly reference?) [/home/ubuntu/NeoSwift/NeoCSharp/src/NeoCSharp/NeoCSharp.csproj]
/home/ubuntu/NeoSwift/NeoCSharp/src/NeoCSharp/Contract/FungibleToken.cs(90,66): error CS0246: The type or namespace name 'Hash160' could not be found (are you missing a using directive or an assembly reference?) [/home/ubuntu/NeoSwift/NeoCSharp/src/NeoCSharp/NeoCSharp.csproj]
/home/ubuntu/NeoSwift/NeoCSharp/src/NeoCSharp/Contract/FungibleToken.cs(109,52): error CS0246: The type or namespace name 'Hash160' could not be found (are you missing a using directive or an assembly reference?) [/home/ubuntu/NeoSwift/NeoCSharp/src/NeoCSharp/NeoCSharp.csproj]
/home/ubuntu/NeoSwift/NeoCSharp/src/NeoCSharp/Contract/FungibleToken.cs(109,66): error CS0246: The type or namespace name 'Hash160' could not be found (are you missing a using directive or an assembly reference?) [/home/ubuntu/NeoSwift/NeoCSharp/src/NeoCSharp/NeoCSharp.csproj]
/home/ubuntu/NeoSwift/NeoCSharp/src/NeoCSharp/Contract/SmartContract.cs(159,43): error CS0246: The type or namespace name 'StackItem' could not be found (are you missing a using directive or an assembly reference?) [/home/ubuntu/NeoSwift/NeoCSharp/src/NeoCSharp/NeoCSharp.csproj]
/home/ubuntu/NeoSwift/NeoCSharp/src/NeoCSharp/Contract/SmartContract.cs(159,17): error CS0246: The type or namespace name 'Hash160' could not be found (are you missing a using directive or an assembly reference?) [/home/ubuntu/NeoSwift/NeoCSharp/src/NeoCSharp/NeoCSharp.csproj]
/home/ubuntu/NeoSwift/NeoCSharp/src/NeoCSharp/Contract/FungibleToken.cs(130,51): error CS0246: The type or namespace name 'Hash160' could not be found (are you missing a using directive or an assembly reference?) [/home/ubuntu/NeoSwift/NeoCSharp/src/NeoCSharp/NeoCSharp.csproj]
/home/ubuntu/NeoSwift/NeoCSharp/src/NeoCSharp/Contract/FungibleToken.cs(130,65): error CS0246: The type or namespace name 'Hash160' could not be found (are you missing a using directive or an assembly reference?) [/home/ubuntu/NeoSwift/NeoCSharp/src/NeoCSharp/NeoCSharp.csproj]
/home/ubuntu/NeoSwift/NeoCSharp/src/NeoCSharp/Contract/FungibleToken.cs(158,83): error CS0246: The type or namespace name 'NnsName' could not be found (are you missing a using directive or an assembly reference?) [/home/ubuntu/NeoSwift/NeoCSharp/src/NeoCSharp/NeoCSharp.csproj]
/home/ubuntu/NeoSwift/NeoCSharp/src/NeoCSharp/Contract/FungibleToken.cs(177,69): error CS0246: The type or namespace name 'Hash160' could not be found (are you missing a using directive or an assembly reference?) [/home/ubuntu/NeoSwift/NeoCSharp/src/NeoCSharp/NeoCSharp.csproj]
/home/ubuntu/NeoSwift/NeoCSharp/src/NeoCSharp/Contract/FungibleToken.cs(177,83): error CS0246: The type or namespace name 'NnsName' could not be found (are you missing a using directive or an assembly reference?) [/home/ubuntu/NeoSwift/NeoCSharp/src/NeoCSharp/NeoCSharp.csproj]
/home/ubuntu/NeoSwift/NeoCSharp/src/NeoCSharp/Contract/SmartContract.cs(189,18): error CS0246: The type or namespace name 'StackItem' could not be found (are you missing a using directive or an assembly reference?) [/home/ubuntu/NeoSwift/NeoCSharp/src/NeoCSharp/NeoCSharp.csproj]
/home/ubuntu/NeoSwift/NeoCSharp/src/NeoCSharp/Contract/SmartContract.cs(186,35): error CS0246: The type or namespace name 'Iterator<>' could not be found (are you missing a using directive or an assembly reference?) [/home/ubuntu/NeoSwift/NeoCSharp/src/NeoCSharp/NeoCSharp.csproj]
/home/ubuntu/NeoSwift/NeoCSharp/src/NeoCSharp/Contract/NeoToken.cs(134,54): error CS0246: The type or namespace name 'Hash160' could not be found (are you missing a using directive or an assembly reference?) [/home/ubuntu/NeoSwift/NeoCSharp/src/NeoCSharp/NeoCSharp.csproj]
/home/ubuntu/NeoSwift/NeoCSharp/src/NeoCSharp/Contract/FungibleToken.cs(25,30): error CS0246: The type or namespace name 'Hash160' could not be found (are you missing a using directive or an assembly reference?) [/home/ubuntu/NeoSwift/NeoCSharp/src/NeoCSharp/NeoCSharp.csproj]
/home/ubuntu/NeoSwift/NeoCSharp/src/NeoCSharp/Contract/SmartContract.cs(223,18): error CS0246: The type or namespace name 'StackItem' could not be found (are you missing a using directive or an assembly reference?) [/home/ubuntu/NeoSwift/NeoCSharp/src/NeoCSharp/NeoCSharp.csproj]
/home/ubuntu/NeoSwift/NeoCSharp/src/NeoCSharp/Contract/NeoToken.cs(234,27): error CS0246: The type or namespace name 'Iterator<>' could not be found (are you missing a using directive or an assembly reference?) [/home/ubuntu/NeoSwift/NeoCSharp/src/NeoCSharp/NeoCSharp.csproj]
/home/ubuntu/NeoSwift/NeoCSharp/src/NeoCSharp/Contract/NeoToken.cs(247,50): error CS0246: The type or namespace name 'StackItem' could not be found (are you missing a using directive or an assembly reference?) [/home/ubuntu/NeoSwift/NeoCSharp/src/NeoCSharp/NeoCSharp.csproj]
/home/ubuntu/NeoSwift/NeoCSharp/src/NeoCSharp/Contract/NeoToken.cs(313,53): error CS0246: The type or namespace name 'StackItem' could not be found (are you missing a using directive or an assembly reference?) [/home/ubuntu/NeoSwift/NeoCSharp/src/NeoCSharp/NeoCSharp.csproj]
/home/ubuntu/NeoSwift/NeoCSharp/src/NeoCSharp/Contract/SmartContract.cs(245,20): error CS0246: The type or namespace name 'Signer' could not be found (are you missing a using directive or an assembly reference?) [/home/ubuntu/NeoSwift/NeoCSharp/src/NeoCSharp/NeoCSharp.csproj]
/home/ubuntu/NeoSwift/NeoCSharp/src/NeoCSharp/Contract/SmartContract.cs(241,40): error CS0246: The type or namespace name 'StackItem' could not be found (are you missing a using directive or an assembly reference?) [/home/ubuntu/NeoSwift/NeoCSharp/src/NeoCSharp/NeoCSharp.csproj]
/home/ubuntu/NeoSwift/NeoCSharp/src/NeoCSharp/Contract/NeoToken.cs(356,57): error CS0246: The type or namespace name 'Hash160' could not be found (are you missing a using directive or an assembly reference?) [/home/ubuntu/NeoSwift/NeoCSharp/src/NeoCSharp/NeoCSharp.csproj]
/home/ubuntu/NeoSwift/NeoCSharp/src/NeoCSharp/Contract/SmartContract.cs(266,20): error CS0246: The type or namespace name 'Signer' could not be found (are you missing a using directive or an assembly reference?) [/home/ubuntu/NeoSwift/NeoCSharp/src/NeoCSharp/NeoCSharp.csproj]
/home/ubuntu/NeoSwift/NeoCSharp/src/NeoCSharp/Contract/SmartContract.cs(263,35): error CS0246: The type or namespace name 'InvokeFunctionResponse' could not be found (are you missing a using directive or an assembly reference?) [/home/ubuntu/NeoSwift/NeoCSharp/src/NeoCSharp/NeoCSharp.csproj]
/home/ubuntu/NeoSwift/NeoCSharp/src/NeoCSharp/Contract/NeoToken.cs(393,63): error CS0246: The type or namespace name 'Hash160' could not be found (are you missing a using directive or an assembly reference?) [/home/ubuntu/NeoSwift/NeoCSharp/src/NeoCSharp/NeoCSharp.csproj]
/home/ubuntu/NeoSwift/NeoCSharp/src/NeoCSharp/Contract/SmartContract.cs(279,50): error CS0246: The type or namespace name 'InvocationResult' could not be found (are you missing a using directive or an assembly reference?) [/home/ubuntu/NeoSwift/NeoCSharp/src/NeoCSharp/NeoCSharp.csproj]
/home/ubuntu/NeoSwift/NeoCSharp/src/NeoCSharp/Contract/NeoToken.cs(404,39): error CS0246: The type or namespace name 'Hash160' could not be found (are you missing a using directive or an assembly reference?) [/home/ubuntu/NeoSwift/NeoCSharp/src/NeoCSharp/NeoCSharp.csproj]
/home/ubuntu/NeoSwift/NeoCSharp/src/NeoCSharp/Contract/SmartContract.cs(291,35): error CS0246: The type or namespace name 'ContractManifest' could not be found (are you missing a using directive or an assembly reference?) [/home/ubuntu/NeoSwift/NeoCSharp/src/NeoCSharp/NeoCSharp.csproj]
/home/ubuntu/NeoSwift/NeoCSharp/src/NeoCSharp/Contract/SmartContract.cs(312,23): error CS0246: The type or namespace name 'Hash160' could not be found (are you missing a using directive or an assembly reference?) [/home/ubuntu/NeoSwift/NeoCSharp/src/NeoCSharp/NeoCSharp.csproj]
/home/ubuntu/NeoSwift/NeoCSharp/src/NeoCSharp/Contract/SmartContract.cs(324,53): error CS0246: The type or namespace name 'Hash160' could not be found (are you missing a using directive or an assembly reference?) [/home/ubuntu/NeoSwift/NeoCSharp/src/NeoCSharp/NeoCSharp.csproj]
/home/ubuntu/NeoSwift/NeoCSharp/src/NeoCSharp/Contract/SmartContract.cs(324,23): error CS0246: The type or namespace name 'Hash160' could not be found (are you missing a using directive or an assembly reference?) [/home/ubuntu/NeoSwift/NeoCSharp/src/NeoCSharp/NeoCSharp.csproj]
/home/ubuntu/NeoSwift/NeoCSharp/src/NeoCSharp/Contract/NeoToken.cs(472,65): error CS0246: The type or namespace name 'Hash160' could not be found (are you missing a using directive or an assembly reference?) [/home/ubuntu/NeoSwift/NeoCSharp/src/NeoCSharp/NeoCSharp.csproj]
/home/ubuntu/NeoSwift/NeoCSharp/src/NeoCSharp/Contract/NeoToken.cs(472,27): error CS0246: The type or namespace name 'NeoAccountState' could not be found (are you missing a using directive or an assembly reference?) [/home/ubuntu/NeoSwift/NeoCSharp/src/NeoCSharp/NeoCSharp.csproj]
/home/ubuntu/NeoSwift/NeoCSharp/src/NeoCSharp/Contract/SmartContract.cs(26,28): error CS0246: The type or namespace name 'Hash160' could not be found (are you missing a using directive or an assembly reference?) [/home/ubuntu/NeoSwift/NeoCSharp/src/NeoCSharp/NeoCSharp.csproj]
/home/ubuntu/NeoSwift/NeoCSharp/src/NeoCSharp/Contract/NeoToken.cs(27,32): error CS0246: The type or namespace name 'Hash160' could not be found (are you missing a using directive or an assembly reference?) [/home/ubuntu/NeoSwift/NeoCSharp/src/NeoCSharp/NeoCSharp.csproj]
/home/ubuntu/NeoSwift/NeoCSharp/src/NeoCSharp/Contract/SmartContract.cs(38,30): error CS0246: The type or namespace name 'Hash160' could not be found (are you missing a using directive or an assembly reference?) [/home/ubuntu/NeoSwift/NeoCSharp/src/NeoCSharp/NeoCSharp.csproj]
/home/ubuntu/NeoSwift/NeoCSharp/src/NeoCSharp/Contract/NeoToken.cs(64,25): error CS0246: The type or namespace name 'INeoSharp' could not be found (are you missing a using directive or an assembly reference?) [/home/ubuntu/NeoSwift/NeoCSharp/src/NeoCSharp/NeoCSharp.csproj]
/home/ubuntu/NeoSwift/NeoCSharp/src/NeoCSharp/Contract/Token.cs(141,73): error CS0246: The type or namespace name 'NnsName' could not be found (are you missing a using directive or an assembly reference?) [/home/ubuntu/NeoSwift/NeoCSharp/src/NeoCSharp/NeoCSharp.csproj]
/home/ubuntu/NeoSwift/NeoCSharp/src/NeoCSharp/Contract/Token.cs(141,38): error CS0246: The type or namespace name 'Hash160' could not be found (are you missing a using directive or an assembly reference?) [/home/ubuntu/NeoSwift/NeoCSharp/src/NeoCSharp/NeoCSharp.csproj]
/home/ubuntu/NeoSwift/NeoCSharp/src/NeoCSharp/Contract/Token.cs(27,22): error CS0246: The type or namespace name 'Hash160' could not be found (are you missing a using directive or an assembly reference?) [/home/ubuntu/NeoSwift/NeoCSharp/src/NeoCSharp/NeoCSharp.csproj]
/home/ubuntu/NeoSwift/NeoCSharp/src/NeoCSharp/Types/ContractParameter.cs(179,49): error CS0246: The type or namespace name 'Hash160' could not be found (are you missing a using directive or an assembly reference?) [/home/ubuntu/NeoSwift/NeoCSharp/src/NeoCSharp/NeoCSharp.csproj]
/home/ubuntu/NeoSwift/NeoCSharp/src/NeoCSharp/Types/ContractParameter.cs(187,49): error CS0246: The type or namespace name 'Hash256' could not be found (are you missing a using directive or an assembly reference?) [/home/ubuntu/NeoSwift/NeoCSharp/src/NeoCSharp/NeoCSharp.csproj]
/home/ubuntu/NeoSwift/NeoCSharp/src/NeoCSharp/Utils/ExtensionMethods.cs(19,23): error CS0246: The type or namespace name 'Hash160' could not be found (are you missing a using directive or an assembly reference?) [/home/ubuntu/NeoSwift/NeoCSharp/src/NeoCSharp/NeoCSharp.csproj]
/home/ubuntu/NeoSwift/NeoCSharp/src/NeoCSharp/Protocol/Models/NeoAccountState.cs(14,16): error CS0246: The type or namespace name 'Hash160' could not be found (are you missing a using directive or an assembly reference?) [/home/ubuntu/NeoSwift/NeoCSharp/src/NeoCSharp/NeoCSharp.csproj]
/home/ubuntu/NeoSwift/NeoCSharp/src/NeoCSharp/Wallet/Account.cs(19,16): error CS0246: The type or namespace name 'Hash160' could not be found (are you missing a using directive or an assembly reference?) [/home/ubuntu/NeoSwift/NeoCSharp/src/NeoCSharp/NeoCSharp.csproj]
/home/ubuntu/NeoSwift/NeoCSharp/src/NeoCSharp/Serialization/BinaryReader.cs(216,50): error CS0246: The type or namespace name 'INeoSerializable' could not be found (are you missing a using directive or an assembly reference?) [/home/ubuntu/NeoSwift/NeoCSharp/src/NeoCSharp/NeoCSharp.csproj]
/home/ubuntu/NeoSwift/NeoCSharp/src/NeoCSharp/Crypto/ECKeyPair.cs(37,16): error CS0246: The type or namespace name 'Hash160' could not be found (are you missing a using directive or an assembly reference?) [/home/ubuntu/NeoSwift/NeoCSharp/src/NeoCSharp/NeoCSharp.csproj]
/home/ubuntu/NeoSwift/NeoCSharp/src/NeoCSharp/Script/OpCode.cs(766,16): error CS0111: Type 'OperandSize' already defines a member called 'OperandSize' with the same parameter types [/home/ubuntu/NeoSwift/NeoCSharp/src/NeoCSharp/NeoCSharp.csproj]
/home/ubuntu/NeoSwift/NeoCSharp/src/NeoCSharp/Wallet/Account.cs(51,24): error CS0246: The type or namespace name 'Hash160' could not be found (are you missing a using directive or an assembly reference?) [/home/ubuntu/NeoSwift/NeoCSharp/src/NeoCSharp/NeoCSharp.csproj]
/home/ubuntu/NeoSwift/NeoCSharp/src/NeoCSharp/Serialization/BinaryReader.cs(228,68): error CS0246: The type or namespace name 'INeoSerializable' could not be found (are you missing a using directive or an assembly reference?) [/home/ubuntu/NeoSwift/NeoCSharp/src/NeoCSharp/NeoCSharp.csproj]
/home/ubuntu/NeoSwift/NeoCSharp/src/NeoCSharp/Crypto/ECPoint.cs(19,45): error CS0246: The type or namespace name 'ECPoint' could not be found (are you missing a using directive or an assembly reference?) [/home/ubuntu/NeoSwift/NeoCSharp/src/NeoCSharp/NeoCSharp.csproj]
/home/ubuntu/NeoSwift/NeoCSharp/src/NeoCSharp/Crypto/ECPoint.cs(19,23): error CS0246: The type or namespace name 'ECPoint' could not be found (are you missing a using directive or an assembly reference?) [/home/ubuntu/NeoSwift/NeoCSharp/src/NeoCSharp/NeoCSharp.csproj]
/home/ubuntu/NeoSwift/NeoCSharp/src/NeoCSharp/Crypto/ECPoint.cs(31,46): error CS0246: The type or namespace name 'ECPoint' could not be found (are you missing a using directive or an assembly reference?) [/home/ubuntu/NeoSwift/NeoCSharp/src/NeoCSharp/NeoCSharp.csproj]
/home/ubuntu/NeoSwift/NeoCSharp/src/NeoCSharp/Serialization/BinaryReader.cs(250,60): error CS0246: The type or namespace name 'INeoSerializable' could not be found (are you missing a using directive or an assembly reference?) [/home/ubuntu/NeoSwift/NeoCSharp/src/NeoCSharp/NeoCSharp.csproj]
/home/ubuntu/NeoSwift/NeoCSharp/src/NeoCSharp/Crypto/ECPublicKey.cs(37,47): error CS0246: The type or namespace name 'ECPoint' could not be found (are you missing a using directive or an assembly reference?) [/home/ubuntu/NeoSwift/NeoCSharp/src/NeoCSharp/NeoCSharp.csproj]
/home/ubuntu/NeoSwift/NeoCSharp/src/NeoCSharp/Crypto/ECPrivateKey.cs(70,16): error CS0246: The type or namespace name 'Hash160' could not be found (are you missing a using directive or an assembly reference?) [/home/ubuntu/NeoSwift/NeoCSharp/src/NeoCSharp/NeoCSharp.csproj]
/home/ubuntu/NeoSwift/NeoCSharp/src/NeoCSharp/Script/ScriptBuilder.cs(70,43): error CS0246: The type or namespace name 'Hash160' could not be found (are you missing a using directive or an assembly reference?) [/home/ubuntu/NeoSwift/NeoCSharp/src/NeoCSharp/NeoCSharp.csproj]
/home/ubuntu/NeoSwift/NeoCSharp/src/NeoCSharp/Serialization/BinaryWriter.cs(141,34): error CS0246: The type or namespace name 'ECPoint' could not be found (are you missing a using directive or an assembly reference?) [/home/ubuntu/NeoSwift/NeoCSharp/src/NeoCSharp/NeoCSharp.csproj]
/home/ubuntu/NeoSwift/NeoCSharp/src/NeoCSharp/Script/ScriptBuilder.cs(97,38): error CS0246: The type or namespace name 'InteropService' could not be found (are you missing a using directive or an assembly reference?) [/home/ubuntu/NeoSwift/NeoCSharp/src/NeoCSharp/NeoCSharp.csproj]
/home/ubuntu/NeoSwift/NeoCSharp/src/NeoCSharp/Types/INeoSerializable.cs(19,24): error CS0104: 'BinaryWriter' is an ambiguous reference between 'NeoCSharp.Serialization.BinaryWriter' and 'System.IO.BinaryWriter' [/home/ubuntu/NeoSwift/NeoCSharp/src/NeoCSharp/NeoCSharp.csproj]
/home/ubuntu/NeoSwift/NeoCSharp/src/NeoCSharp/Crypto/SecureECKeyPair.cs(19,16): error CS0246: The type or namespace name 'ECPoint' could not be found (are you missing a using directive or an assembly reference?) [/home/ubuntu/NeoSwift/NeoCSharp/src/NeoCSharp/NeoCSharp.csproj]
/home/ubuntu/NeoSwift/NeoCSharp/src/NeoCSharp/Script/ScriptBuilder.cs(358,54): error CS0246: The type or namespace name 'Hash160' could not be found (are you missing a using directive or an assembly reference?) [/home/ubuntu/NeoSwift/NeoCSharp/src/NeoCSharp/NeoCSharp.csproj]
/home/ubuntu/NeoSwift/NeoCSharp/src/NeoCSharp/Script/ScriptBuilder.cs(378,13): error CS0246: The type or namespace name 'Hash160' could not be found (are you missing a using directive or an assembly reference?) [/home/ubuntu/NeoSwift/NeoCSharp/src/NeoCSharp/NeoCSharp.csproj]
/home/ubuntu/NeoSwift/NeoCSharp/src/NeoCSharp/Crypto/Sign.cs(228,23): error CS0246: The type or namespace name 'Hash160' could not be found (are you missing a using directive or an assembly reference?) [/home/ubuntu/NeoSwift/NeoCSharp/src/NeoCSharp/NeoCSharp.csproj]
/home/ubuntu/NeoSwift/NeoCSharp/src/NeoCSharp/Script/ScriptBuilder.cs(18,26): error CS0104: 'BinaryWriter' is an ambiguous reference between 'NeoCSharp.Serialization.BinaryWriter' and 'System.IO.BinaryWriter' [/home/ubuntu/NeoSwift/NeoCSharp/src/NeoCSharp/NeoCSharp.csproj]
/home/ubuntu/NeoSwift/NeoCSharp/src/NeoCSharp/Crypto/SecureECKeyPair.cs(277,24): error CS0246: The type or namespace name 'ECPoint' could not be found (are you missing a using directive or an assembly reference?) [/home/ubuntu/NeoSwift/NeoCSharp/src/NeoCSharp/NeoCSharp.csproj]
/home/ubuntu/NeoSwift/NeoCSharp/src/NeoCSharp/Crypto/SecureECKeyPair.cs(32,63): error CS0246: The type or namespace name 'ECPoint' could not be found (are you missing a using directive or an assembly reference?) [/home/ubuntu/NeoSwift/NeoCSharp/src/NeoCSharp/NeoCSharp.csproj]
/home/ubuntu/NeoSwift/NeoCSharp/src/NeoCSharp/Crypto/ECPublicKey.cs(46,16): error CS0246: The type or namespace name 'ECPoint' could not be found (are you missing a using directive or an assembly reference?) [/home/ubuntu/NeoSwift/NeoCSharp/src/NeoCSharp/NeoCSharp.csproj]
/home/ubuntu/NeoSwift/NeoCSharp/src/NeoCSharp/Crypto/ECPublicKey.cs(55,16): error CS0246: The type or namespace name 'Hash160' could not be found (are you missing a using directive or an assembly reference?) [/home/ubuntu/NeoSwift/NeoCSharp/src/NeoCSharp/NeoCSharp.csproj]
/home/ubuntu/NeoSwift/NeoCSharp/src/NeoCSharp/Crypto/SecureBytes.cs(159,66): error CS9244: The type 'ReadOnlySpan<byte>' may not be a ref struct or a type parameter allowing ref structs in order to use it as parameter 'T' in the generic type or method 'Func<T, TResult>' [/home/ubuntu/NeoSwift/NeoCSharp/src/NeoCSharp/NeoCSharp.csproj]
/home/ubuntu/NeoSwift/NeoCSharp/src/NeoCSharp/Crypto/SecureBytes.cs(180,65): error CS9244: The type 'ReadOnlySpan<byte>' may not be a ref struct or a type parameter allowing ref structs in order to use it as parameter 'T' in the generic type or method 'Action<T>' [/home/ubuntu/NeoSwift/NeoCSharp/src/NeoCSharp/NeoCSharp.csproj]
    11 Warning(s)
    75 Error(s)

Time Elapsed 00:00:02.38
